{"/home/renan/stgfile/Developer/projetos_nodejs/semana_jsExpert/SPOTIFYRADIO/server/config.js": {"path":"/home/renan/stgfile/Developer/projetos_nodejs/semana_jsExpert/SPOTIFYRADIO/server/config.js","statementMap":{"0":{"start":{"line":4,"column":19},"end":{"line":4,"column":58}},"1":{"start":{"line":5,"column":13},"end":{"line":5,"column":37}},"2":{"start":{"line":6,"column":23},"end":{"line":6,"column":44}},"3":{"start":{"line":7,"column":24},"end":{"line":7,"column":46}}},"fnMap":{},"branchMap":{"0":{"loc":{"start":{"line":10,"column":10},"end":{"line":10,"column":34}},"type":"binary-expr","locations":[{"start":{"line":10,"column":10},"end":{"line":10,"column":26}},{"start":{"line":10,"column":30},"end":{"line":10,"column":34}}],"line":10}},"s":{"0":1,"1":1,"2":1,"3":1},"f":{},"b":{"0":[1,1]},"_coverageSchema":"1a1c01bbd47fc00a2c39e90264f33305004495a9","hash":"66caa203767bf15c9ad7870302e443b300eb36ea"}
,"/home/renan/stgfile/Developer/projetos_nodejs/semana_jsExpert/SPOTIFYRADIO/server/controller.js": {"path":"/home/renan/stgfile/Developer/projetos_nodejs/semana_jsExpert/SPOTIFYRADIO/server/controller.js","statementMap":{"0":{"start":{"line":5,"column":8},"end":{"line":5,"column":36}},"1":{"start":{"line":9,"column":8},"end":{"line":9,"column":51}}},"fnMap":{"0":{"name":"(anonymous_0)","decl":{"start":{"line":4,"column":4},"end":{"line":4,"column":5}},"loc":{"start":{"line":4,"column":18},"end":{"line":6,"column":5}},"line":4},"1":{"name":"(anonymous_1)","decl":{"start":{"line":8,"column":4},"end":{"line":8,"column":5}},"loc":{"start":{"line":8,"column":34},"end":{"line":10,"column":5}},"line":8}},"branchMap":{},"s":{"0":1,"1":1},"f":{"0":1,"1":1},"b":{},"_coverageSchema":"1a1c01bbd47fc00a2c39e90264f33305004495a9","hash":"afb482a3723fd5c5ed5784c74a5908418cf5c19e"}
,"/home/renan/stgfile/Developer/projetos_nodejs/semana_jsExpert/SPOTIFYRADIO/server/routes.js": {"path":"/home/renan/stgfile/Developer/projetos_nodejs/semana_jsExpert/SPOTIFYRADIO/server/routes.js","statementMap":{"0":{"start":{"line":13,"column":4},"end":{"line":13,"column":10}},"1":{"start":{"line":15,"column":19},"end":{"line":15,"column":35}},"2":{"start":{"line":18,"column":28},"end":{"line":18,"column":35}},"3":{"start":{"line":20,"column":4},"end":{"line":26,"column":5}},"4":{"start":{"line":21,"column":8},"end":{"line":23,"column":10}},"5":{"start":{"line":25,"column":8},"end":{"line":25,"column":29}},"6":{"start":{"line":28,"column":4},"end":{"line":41,"column":5}},"7":{"start":{"line":32,"column":10},"end":{"line":32,"column":50}},"8":{"start":{"line":40,"column":6},"end":{"line":40,"column":34}},"9":{"start":{"line":43,"column":4},"end":{"line":50,"column":7}},"10":{"start":{"line":47,"column":12},"end":{"line":47,"column":58}},"11":{"start":{"line":49,"column":8},"end":{"line":49,"column":36}},"12":{"start":{"line":53,"column":4},"end":{"line":65,"column":5}},"13":{"start":{"line":57,"column":12},"end":{"line":57,"column":47}},"14":{"start":{"line":58,"column":28},"end":{"line":58,"column":46}},"15":{"start":{"line":59,"column":8},"end":{"line":63,"column":9}},"16":{"start":{"line":60,"column":12},"end":{"line":62,"column":14}},"17":{"start":{"line":64,"column":8},"end":{"line":64,"column":36}},"18":{"start":{"line":67,"column":4},"end":{"line":67,"column":27}},"19":{"start":{"line":68,"column":4},"end":{"line":68,"column":25}},"20":{"start":{"line":73,"column":4},"end":{"line":78,"column":5}},"21":{"start":{"line":74,"column":8},"end":{"line":74,"column":53}},"22":{"start":{"line":75,"column":8},"end":{"line":75,"column":31}},"23":{"start":{"line":76,"column":8},"end":{"line":76,"column":29}},"24":{"start":{"line":79,"column":4},"end":{"line":79,"column":54}},"25":{"start":{"line":80,"column":4},"end":{"line":80,"column":27}},"26":{"start":{"line":81,"column":4},"end":{"line":81,"column":25}},"27":{"start":{"line":87,"column":4},"end":{"line":88,"column":50}},"28":{"start":{"line":88,"column":20},"end":{"line":88,"column":49}}},"fnMap":{"0":{"name":"routes","decl":{"start":{"line":17,"column":15},"end":{"line":17,"column":21}},"loc":{"start":{"line":17,"column":41},"end":{"line":70,"column":1}},"line":17},"1":{"name":"handlerError","decl":{"start":{"line":72,"column":9},"end":{"line":72,"column":21}},"loc":{"start":{"line":72,"column":39},"end":{"line":82,"column":1}},"line":72},"2":{"name":"handler","decl":{"start":{"line":85,"column":16},"end":{"line":85,"column":23}},"loc":{"start":{"line":85,"column":43},"end":{"line":89,"column":1}},"line":85},"3":{"name":"(anonymous_3)","decl":{"start":{"line":88,"column":11},"end":{"line":88,"column":12}},"loc":{"start":{"line":88,"column":20},"end":{"line":88,"column":49}},"line":88}},"branchMap":{"0":{"loc":{"start":{"line":20,"column":4},"end":{"line":26,"column":5}},"type":"if","locations":[{"start":{"line":20,"column":4},"end":{"line":26,"column":5}},{"start":{},"end":{}}],"line":20},"1":{"loc":{"start":{"line":20,"column":8},"end":{"line":20,"column":39}},"type":"binary-expr","locations":[{"start":{"line":20,"column":8},"end":{"line":20,"column":24}},{"start":{"line":20,"column":28},"end":{"line":20,"column":39}}],"line":20},"2":{"loc":{"start":{"line":28,"column":4},"end":{"line":41,"column":5}},"type":"if","locations":[{"start":{"line":28,"column":4},"end":{"line":41,"column":5}},{"start":{},"end":{}}],"line":28},"3":{"loc":{"start":{"line":28,"column":8},"end":{"line":28,"column":43}},"type":"binary-expr","locations":[{"start":{"line":28,"column":8},"end":{"line":28,"column":24}},{"start":{"line":28,"column":28},"end":{"line":28,"column":43}}],"line":28},"4":{"loc":{"start":{"line":43,"column":4},"end":{"line":50,"column":7}},"type":"if","locations":[{"start":{"line":43,"column":4},"end":{"line":50,"column":7}},{"start":{},"end":{}}],"line":43},"5":{"loc":{"start":{"line":43,"column":8},"end":{"line":43,"column":49}},"type":"binary-expr","locations":[{"start":{"line":43,"column":8},"end":{"line":43,"column":24}},{"start":{"line":43,"column":28},"end":{"line":43,"column":49}}],"line":43},"6":{"loc":{"start":{"line":53,"column":4},"end":{"line":65,"column":5}},"type":"if","locations":[{"start":{"line":53,"column":4},"end":{"line":65,"column":5}},{"start":{},"end":{}}],"line":53},"7":{"loc":{"start":{"line":59,"column":8},"end":{"line":63,"column":9}},"type":"if","locations":[{"start":{"line":59,"column":8},"end":{"line":63,"column":9}},{"start":{},"end":{}}],"line":59},"8":{"loc":{"start":{"line":73,"column":4},"end":{"line":78,"column":5}},"type":"if","locations":[{"start":{"line":73,"column":4},"end":{"line":78,"column":5}},{"start":{},"end":{}}],"line":73}},"s":{"0":1,"1":1,"2":9,"3":9,"4":1,"5":1,"6":8,"7":1,"8":1,"9":7,"10":1,"11":1,"12":6,"13":5,"14":2,"15":2,"16":1,"17":2,"18":1,"19":1,"20":3,"21":2,"22":2,"23":2,"24":1,"25":1,"26":1,"27":9,"28":3},"f":{"0":9,"1":3,"2":9,"3":3},"b":{"0":[1,8],"1":[9,8],"2":[1,7],"3":[8,7],"4":[1,6],"5":[7,6],"6":[5,1],"7":[1,1],"8":[2,1]},"_coverageSchema":"1a1c01bbd47fc00a2c39e90264f33305004495a9","hash":"7c26ffde16448c1b0c64eb56671e3f8e3373e5f4"}
,"/home/renan/stgfile/Developer/projetos_nodejs/semana_jsExpert/SPOTIFYRADIO/server/service.js": {"path":"/home/renan/stgfile/Developer/projetos_nodejs/semana_jsExpert/SPOTIFYRADIO/server/service.js","statementMap":{"0":{"start":{"line":10,"column":4},"end":{"line":10,"column":10}},"1":{"start":{"line":13,"column":8},"end":{"line":13,"column":44}},"2":{"start":{"line":18,"column":29},"end":{"line":18,"column":56}},"3":{"start":{"line":20,"column":8},"end":{"line":20,"column":46}},"4":{"start":{"line":21,"column":25},"end":{"line":21,"column":46}},"5":{"start":{"line":22,"column":8},"end":{"line":25,"column":9}},"6":{"start":{"line":32,"column":12},"end":{"line":32,"column":40}},"7":{"start":{"line":33,"column":8},"end":{"line":36,"column":9}}},"fnMap":{"0":{"name":"(anonymous_0)","decl":{"start":{"line":12,"column":4},"end":{"line":12,"column":5}},"loc":{"start":{"line":12,"column":31},"end":{"line":14,"column":5}},"line":12},"1":{"name":"(anonymous_1)","decl":{"start":{"line":16,"column":4},"end":{"line":16,"column":5}},"loc":{"start":{"line":16,"column":28},"end":{"line":27,"column":5}},"line":16},"2":{"name":"(anonymous_2)","decl":{"start":{"line":28,"column":4},"end":{"line":28,"column":5}},"loc":{"start":{"line":28,"column":30},"end":{"line":37,"column":5}},"line":28}},"branchMap":{},"s":{"0":1,"1":0,"2":1,"3":1,"4":0,"5":0,"6":1,"7":0},"f":{"0":0,"1":1,"2":1},"b":{},"_coverageSchema":"1a1c01bbd47fc00a2c39e90264f33305004495a9","hash":"6e33192b50d5a259df2dcc2a1757cab68122abbd"}
,"/home/renan/stgfile/Developer/projetos_nodejs/semana_jsExpert/SPOTIFYRADIO/server/util.js": {"path":"/home/renan/stgfile/Developer/projetos_nodejs/semana_jsExpert/SPOTIFYRADIO/server/util.js","statementMap":{"0":{"start":{"line":3,"column":12},"end":{"line":11,"column":2}},"1":{"start":{"line":13,"column":22},"end":{"line":13,"column":25}}},"fnMap":{},"branchMap":{},"s":{"0":1,"1":1},"f":{},"b":{},"_coverageSchema":"1a1c01bbd47fc00a2c39e90264f33305004495a9","hash":"90007a60452531f5c90cd2c12942e74c03a62258"}
,"/home/renan/stgfile/Developer/projetos_nodejs/semana_jsExpert/SPOTIFYRADIO/tests/unit/_util/testUtil.js": {"path":"/home/renan/stgfile/Developer/projetos_nodejs/semana_jsExpert/SPOTIFYRADIO/tests/unit/_util/testUtil.js","statementMap":{"0":{"start":{"line":13,"column":8},"end":{"line":21,"column":10}},"1":{"start":{"line":15,"column":16},"end":{"line":17,"column":17}},"2":{"start":{"line":16,"column":20},"end":{"line":16,"column":35}},"3":{"start":{"line":19,"column":16},"end":{"line":19,"column":31}},"4":{"start":{"line":25,"column":8},"end":{"line":31,"column":10}},"5":{"start":{"line":27,"column":16},"end":{"line":27,"column":29}},"6":{"start":{"line":29,"column":16},"end":{"line":29,"column":31}},"7":{"start":{"line":35,"column":30},"end":{"line":35,"column":85}},"8":{"start":{"line":36,"column":31},"end":{"line":36,"column":72}},"9":{"start":{"line":37,"column":21},"end":{"line":47,"column":9}},"10":{"start":{"line":49,"column":8},"end":{"line":52,"column":9}},"11":{"start":{"line":50,"column":26},"end":{"line":50,"column":45}}},"fnMap":{"0":{"name":"(anonymous_0)","decl":{"start":{"line":12,"column":4},"end":{"line":12,"column":5}},"loc":{"start":{"line":12,"column":40},"end":{"line":22,"column":5}},"line":12},"1":{"name":"(anonymous_1)","decl":{"start":{"line":14,"column":12},"end":{"line":14,"column":13}},"loc":{"start":{"line":14,"column":19},"end":{"line":20,"column":13}},"line":14},"2":{"name":"(anonymous_2)","decl":{"start":{"line":24,"column":4},"end":{"line":24,"column":5}},"loc":{"start":{"line":24,"column":42},"end":{"line":32,"column":5}},"line":24},"3":{"name":"(anonymous_3)","decl":{"start":{"line":26,"column":12},"end":{"line":26,"column":13}},"loc":{"start":{"line":26,"column":34},"end":{"line":30,"column":13}},"line":26},"4":{"name":"(anonymous_4)","decl":{"start":{"line":34,"column":4},"end":{"line":34,"column":5}},"loc":{"start":{"line":34,"column":33},"end":{"line":56,"column":5}},"line":34},"5":{"name":"(anonymous_5)","decl":{"start":{"line":36,"column":63},"end":{"line":36,"column":64}},"loc":{"start":{"line":36,"column":69},"end":{"line":36,"column":71}},"line":36},"6":{"name":"(anonymous_6)","decl":{"start":{"line":50,"column":20},"end":{"line":50,"column":21}},"loc":{"start":{"line":50,"column":26},"end":{"line":50,"column":45}},"line":50}},"branchMap":{},"s":{"0":13,"1":0,"2":0,"3":0,"4":9,"5":0,"6":0,"7":9,"8":9,"9":9,"10":9,"11":9},"f":{"0":13,"1":0,"2":9,"3":0,"4":9,"5":0,"6":9},"b":{},"_coverageSchema":"1a1c01bbd47fc00a2c39e90264f33305004495a9","hash":"d9ad2cdb6fc6028e2a1d8d82ca0f748ff22e3021"}
}
