TN:
SF:server/config.js
FNF:0
FNH:0
DA:4,1
DA:5,1
DA:6,1
DA:7,1
LF:4
LH:4
BRDA:10,0,0,1
BRDA:10,0,1,1
BRF:2
BRH:2
end_of_record
TN:
SF:server/controller.js
FN:4,(anonymous_0)
FN:8,(anonymous_1)
FNF:2
FNH:2
FNDA:1,(anonymous_0)
FNDA:1,(anonymous_1)
DA:5,1
DA:9,1
LF:2
LH:2
BRF:0
BRH:0
end_of_record
TN:
SF:server/routes.js
FN:17,routes
FN:72,handlerError
FN:85,handler
FN:88,(anonymous_3)
FNF:4
FNH:4
FNDA:9,routes
FNDA:3,handlerError
FNDA:9,handler
FNDA:3,(anonymous_3)
DA:13,1
DA:15,1
DA:18,9
DA:20,9
DA:21,1
DA:25,1
DA:28,8
DA:32,1
DA:40,1
DA:43,7
DA:47,1
DA:49,1
DA:53,6
DA:57,5
DA:58,2
DA:59,2
DA:60,1
DA:64,2
DA:67,1
DA:68,1
DA:73,3
DA:74,2
DA:75,2
DA:76,2
DA:79,1
DA:80,1
DA:81,1
DA:87,9
DA:88,3
LF:29
LH:29
BRDA:20,0,0,1
BRDA:20,0,1,8
BRDA:20,1,0,9
BRDA:20,1,1,8
BRDA:28,2,0,1
BRDA:28,2,1,7
BRDA:28,3,0,8
BRDA:28,3,1,7
BRDA:43,4,0,1
BRDA:43,4,1,6
BRDA:43,5,0,7
BRDA:43,5,1,6
BRDA:53,6,0,5
BRDA:53,6,1,1
BRDA:59,7,0,1
BRDA:59,7,1,1
BRDA:73,8,0,2
BRDA:73,8,1,1
BRF:18
BRH:18
end_of_record
TN:
SF:server/service.js
FN:12,(anonymous_0)
FN:16,(anonymous_1)
FN:28,(anonymous_2)
FNF:3
FNH:2
FNDA:0,(anonymous_0)
FNDA:1,(anonymous_1)
FNDA:1,(anonymous_2)
DA:10,1
DA:13,0
DA:18,1
DA:20,1
DA:21,0
DA:22,0
DA:32,1
DA:33,0
LF:8
LH:4
BRF:0
BRH:0
end_of_record
TN:
SF:server/util.js
FNF:0
FNH:0
DA:3,1
DA:13,1
LF:2
LH:2
BRF:0
BRH:0
end_of_record
TN:
SF:tests/unit/_util/testUtil.js
FN:12,(anonymous_0)
FN:14,(anonymous_1)
FN:24,(anonymous_2)
FN:26,(anonymous_3)
FN:34,(anonymous_4)
FN:36,(anonymous_5)
FN:50,(anonymous_6)
FNF:7
FNH:4
FNDA:13,(anonymous_0)
FNDA:0,(anonymous_1)
FNDA:9,(anonymous_2)
FNDA:0,(anonymous_3)
FNDA:9,(anonymous_4)
FNDA:0,(anonymous_5)
FNDA:9,(anonymous_6)
DA:13,13
DA:15,0
DA:16,0
DA:19,0
DA:25,9
DA:27,0
DA:29,0
DA:35,9
DA:36,9
DA:37,9
DA:49,9
DA:50,9
LF:12
LH:7
BRF:0
BRH:0
end_of_record
